1.20029 0
1.20121 0.000925708
1.20309 0.0019485
1.20677 0.0039327
1.21281 0.00676766
1.22172 0.0104808
1.23359 0.0148156
1.24573 0.0176605
1.2591 0.0205264
1.27045 0.0215838
1.28129 0.0223322
1.29037 0.0223177
1.29618 0.0213358
1.30392 0.0212134
1.30807 0.0201812
1.31298 0.0195046
1.31635 0.0186283
1.32033 0.0180098
1.32307 0.0172532
1.32625 0.016674
1.32976 0.0162436
1.33338 0.0159065
1.33583 0.0153959
1.33826 0.014938
1.34103 0.0145936
1.34332 0.0142079
1.34536 0.0138222
1.34762 0.0135097
1.35023 0.0132941
1.35338 0.0132235
1.3567 0.0132154
1.3595 0.0130988
1.3633 0.0132498
1.36559 0.0130573
1.36779 0.0128681
1.36995 0.0126916
1.37184 0.0124867
1.37302 0.0122114
1.37405 0.0119382
1.37461 0.0116494
1.37576 0.0114203
1.37652 0.0111707
1.37742 0.010945
1.37869 0.0107684
1.37932 0.0105449
1.38005 0.0103396
1.38064 0.0101339
1.381 0.00992722
1.38168 0.00974627
1.38221 0.009564
